<?xml version="1.0" encoding="UTF-8"?>
<!-- Generated by org.testng.reporters.JUnitReportReporter -->
<testsuite hostname="pc144" name="testingFiles.TestBase" tests="1" failures="0" timestamp="2 Aug 2016 13:32:08 GMT" time="2.628" errors="0">
  <testcase name="Testing1" time="2.628" classname="testingFiles.TestBase"/>
</testsuite> <!-- testingFiles.TestBase -->
