<?xml version="1.0" encoding="UTF-8"?>
<!-- Generated by org.testng.reporters.JUnitReportReporter -->
<testsuite hostname="pc144" name="testingFiles.DependancyTest" tests="2" failures="0" timestamp="2 Aug 2016 13:25:17 GMT" time="3.326" errors="0">
  <testcase name="Testing" time="3.315" classname="testingFiles.DependancyTest"/>
  <testcase name="OpenBrowser" time="0.011" classname="testingFiles.DependancyTest"/>
</testsuite> <!-- testingFiles.DependancyTest -->
