<?xml version="1.0" encoding="UTF-8"?>
<!-- Generated by org.testng.reporters.JUnitReportReporter -->
<testsuite hostname="pc144" name="testingFiles.VoloTest" tests="1" failures="0" timestamp="2 Aug 2016 13:30:57 GMT" time="0.010" errors="0">
  <testcase name="test22" time="0.010" classname="testingFiles.VoloTest"/>
</testsuite> <!-- testingFiles.VoloTest -->
