<?xml version="1.0" encoding="UTF-8"?>
<!-- Generated by org.testng.reporters.JUnitReportReporter -->
<testsuite hostname="pc144" name="testingFiles.Annotations" tests="1" failures="0" timestamp="1 Aug 2016 14:17:27 GMT" time="57.868" errors="1">
  <testcase name="Testing" time="57.868" classname="testingFiles.Annotations">
    <error type="org.openqa.selenium.WebDriverException" message="Failed to connect to binary FirefoxBinary(C:\Program Files (x86)\Mozilla Firefox\firefox.exe) on port 7055; process output follows: 
Recursive scan of {972ce4c6-7e08-4474-a285-3208198ce6fd}
1470061003053	DeferredSave.extensions.json	DEBUG	Save changes
1470061003053	addons.xpi	DEBUG	Updating database with changes to installed add-ons
1470061003053	addons.xpi-utils	DEBUG	Updating add-on states
1470061003053	addons.xpi-utils	DEBUG	Writing add-ons list
1470061003055	addons.xpi	DEBUG	Registering manifest for C:\Program Files (x86)\Mozilla Firefox\browser\features\e10srollout@mozilla.org.xpi
1470061003055	addons.xpi	DEBUG	Calling bootstrap method startup on e10srollout@mozilla.org version 1.0
1470061003055	addons.xpi	DEBUG	Registering manifest for C:\Program Files (x86)\Mozilla Firefox\browser\features\firefox@getpocket.com.xpi
1470061003056	addons.xpi	DEBUG	Calling bootstrap method startup on firefox@getpocket.com version 1.0.2
1470061003056	addons.xpi	DEBUG	Registering manifest for C:\Program Files (x86)\Mozilla Firefox\browser\features\loop@mozilla.org.xpi
1470061003057	addons.xpi	DEBUG	Calling bootstrap method startup on loop@mozilla.org version 1.3.2
1470061003071	addons.manager	DEBUG	Registering shutdown blocker for XPIProvider
1470061003072	addons.manager	DEBUG	Provider finished startup: XPIProvider
1470061003072	addons.manager	DEBUG	Starting provider: LightweightThemeManager
1470061003072	addons.manager	DEBUG	Registering shutdown blocker for LightweightThemeManager
1470061003072	addons.manager	DEBUG	Provider finished startup: LightweightThemeManager
1470061003072	addons.manager	DEBUG	Starting provider: GMPProvider
1470061003077	addons.manager	DEBUG	Registering shutdown blocker for GMPProvider
1470061003077	addons.manager	DEBUG	Provider finished startup: GMPProvider
1470061003077	addons.manager	DEBUG	Starting provider: PluginProvider
1470061003077	addons.manager	DEBUG	Registering shutdown blocker for PluginProvider
1470061003077	addons.manager	DEBUG	Provider finished startup: PluginProvider
1470061003077	addons.manager	DEBUG	Completed startup sequence
1470061003305	addons.manager	DEBUG	Starting provider: &lt;unnamed-provider&gt;
1470061003305	addons.manager	DEBUG	Registering shutdown blocker for &lt;unnamed-provider&gt;
1470061003305	addons.manager	DEBUG	Provider finished startup: &lt;unnamed-provider&gt;
1470061003306	DeferredSave.extensions.json	DEBUG	Starting write
1470061003466	addons.repository	DEBUG	No addons.json found.
1470061003467	DeferredSave.addons.json	DEBUG	Save changes
1470061003469	DeferredSave.addons.json	DEBUG	Starting timer
1470061003488	addons.manager	DEBUG	Starting provider: PreviousExperimentProvider
1470061003488	addons.manager	DEBUG	Registering shutdown blocker for PreviousExperimentProvider
1470061003488	addons.manager	DEBUG	Provider finished startup: PreviousExperimentProvider
1470061003490	DeferredSave.extensions.json	DEBUG	Write succeeded
1470061003490	addons.xpi-utils	DEBUG	XPI Database saved, setting schema version preference to 17
1470061003524	DeferredSave.addons.json	DEBUG	Starting write
1470061003558	DeferredSave.addons.json	DEBUG	Write succeeded
1470061021886	addons.xpi	DEBUG	Calling bootstrap method shutdown on e10srollout@mozilla.org version 1.0
1470061021887	addons.xpi	DEBUG	Calling bootstrap method shutdown on firefox@getpocket.com version 1.0.2
1470061021887	addons.xpi	DEBUG	Calling bootstrap method shutdown on loop@mozilla.org version 1.3.2
1470061021977	addons.manager	DEBUG	shutdown
1470061021978	addons.manager	DEBUG	Calling shutdown blocker for XPIProvider
1470061021978	addons.xpi	DEBUG	shutdown
1470061021978	addons.xpi-utils	DEBUG	shutdown
1470061021979	addons.manager	DEBUG	Calling shutdown blocker for LightweightThemeManager
1470061021979	addons.manager	DEBUG	Calling shutdown blocker for GMPProvider
1470061021981	addons.manager	DEBUG	Calling shutdown blocker for PluginProvider
1470061021981	addons.manager	DEBUG	Calling shutdown blocker for &lt;unnamed-provider&gt;
1470061021982	addons.manager	DEBUG	Calling shutdown blocker for PreviousExperimentProvider
1470061021984	addons.xpi	DEBUG	Notifying XPI shutdown observers
1470061021987	addons.manager	DEBUG	Async provider shutdown done

Build info: version: &#039;2.53.0&#039;, revision: &#039;35ae25b&#039;, time: &#039;2016-03-15 17:00:58&#039;
System info: host: &#039;pc144&#039;, ip: &#039;172.30.30.210&#039;, os.name: &#039;Windows 7&#039;, os.arch: &#039;amd64&#039;, os.version: &#039;6.1&#039;, java.version: &#039;1.7.0_79&#039;
Driver info: driver.version: FirefoxDriver">
      <![CDATA[org.openqa.selenium.WebDriverException: Failed to connect to binary FirefoxBinary(C:\Program Files (x86)\Mozilla Firefox\firefox.exe) on port 7055; process output follows: 
Recursive scan of {972ce4c6-7e08-4474-a285-3208198ce6fd}
1470061003053	DeferredSave.extensions.json	DEBUG	Save changes
1470061003053	addons.xpi	DEBUG	Updating database with changes to installed add-ons
1470061003053	addons.xpi-utils	DEBUG	Updating add-on states
1470061003053	addons.xpi-utils	DEBUG	Writing add-ons list
1470061003055	addons.xpi	DEBUG	Registering manifest for C:\Program Files (x86)\Mozilla Firefox\browser\features\e10srollout@mozilla.org.xpi
1470061003055	addons.xpi	DEBUG	Calling bootstrap method startup on e10srollout@mozilla.org version 1.0
1470061003055	addons.xpi	DEBUG	Registering manifest for C:\Program Files (x86)\Mozilla Firefox\browser\features\firefox@getpocket.com.xpi
1470061003056	addons.xpi	DEBUG	Calling bootstrap method startup on firefox@getpocket.com version 1.0.2
1470061003056	addons.xpi	DEBUG	Registering manifest for C:\Program Files (x86)\Mozilla Firefox\browser\features\loop@mozilla.org.xpi
1470061003057	addons.xpi	DEBUG	Calling bootstrap method startup on loop@mozilla.org version 1.3.2
1470061003071	addons.manager	DEBUG	Registering shutdown blocker for XPIProvider
1470061003072	addons.manager	DEBUG	Provider finished startup: XPIProvider
1470061003072	addons.manager	DEBUG	Starting provider: LightweightThemeManager
1470061003072	addons.manager	DEBUG	Registering shutdown blocker for LightweightThemeManager
1470061003072	addons.manager	DEBUG	Provider finished startup: LightweightThemeManager
1470061003072	addons.manager	DEBUG	Starting provider: GMPProvider
1470061003077	addons.manager	DEBUG	Registering shutdown blocker for GMPProvider
1470061003077	addons.manager	DEBUG	Provider finished startup: GMPProvider
1470061003077	addons.manager	DEBUG	Starting provider: PluginProvider
1470061003077	addons.manager	DEBUG	Registering shutdown blocker for PluginProvider
1470061003077	addons.manager	DEBUG	Provider finished startup: PluginProvider
1470061003077	addons.manager	DEBUG	Completed startup sequence
1470061003305	addons.manager	DEBUG	Starting provider: <unnamed-provider>
1470061003305	addons.manager	DEBUG	Registering shutdown blocker for <unnamed-provider>
1470061003305	addons.manager	DEBUG	Provider finished startup: <unnamed-provider>
1470061003306	DeferredSave.extensions.json	DEBUG	Starting write
1470061003466	addons.repository	DEBUG	No addons.json found.
1470061003467	DeferredSave.addons.json	DEBUG	Save changes
1470061003469	DeferredSave.addons.json	DEBUG	Starting timer
1470061003488	addons.manager	DEBUG	Starting provider: PreviousExperimentProvider
1470061003488	addons.manager	DEBUG	Registering shutdown blocker for PreviousExperimentProvider
1470061003488	addons.manager	DEBUG	Provider finished startup: PreviousExperimentProvider
1470061003490	DeferredSave.extensions.json	DEBUG	Write succeeded
1470061003490	addons.xpi-utils	DEBUG	XPI Database saved, setting schema version preference to 17
1470061003524	DeferredSave.addons.json	DEBUG	Starting write
1470061003558	DeferredSave.addons.json	DEBUG	Write succeeded
1470061021886	addons.xpi	DEBUG	Calling bootstrap method shutdown on e10srollout@mozilla.org version 1.0
1470061021887	addons.xpi	DEBUG	Calling bootstrap method shutdown on firefox@getpocket.com version 1.0.2
1470061021887	addons.xpi	DEBUG	Calling bootstrap method shutdown on loop@mozilla.org version 1.3.2
1470061021977	addons.manager	DEBUG	shutdown
1470061021978	addons.manager	DEBUG	Calling shutdown blocker for XPIProvider
1470061021978	addons.xpi	DEBUG	shutdown
1470061021978	addons.xpi-utils	DEBUG	shutdown
1470061021979	addons.manager	DEBUG	Calling shutdown blocker for LightweightThemeManager
1470061021979	addons.manager	DEBUG	Calling shutdown blocker for GMPProvider
1470061021981	addons.manager	DEBUG	Calling shutdown blocker for PluginProvider
1470061021981	addons.manager	DEBUG	Calling shutdown blocker for <unnamed-provider>
1470061021982	addons.manager	DEBUG	Calling shutdown blocker for PreviousExperimentProvider
1470061021984	addons.xpi	DEBUG	Notifying XPI shutdown observers
1470061021987	addons.manager	DEBUG	Async provider shutdown done

Build info: version: '2.53.0', revision: '35ae25b', time: '2016-03-15 17:00:58'
System info: host: 'pc144', ip: '172.30.30.210', os.name: 'Windows 7', os.arch: 'amd64', os.version: '6.1', java.version: '1.7.0_79'
Driver info: driver.version: FirefoxDriver
	at org.openqa.selenium.firefox.internal.NewProfileExtensionConnection.start(NewProfileExtensionConnection.java:124)
	at org.openqa.selenium.firefox.FirefoxDriver.startClient(FirefoxDriver.java:271)
	at org.openqa.selenium.remote.RemoteWebDriver.<init>(RemoteWebDriver.java:119)
	at org.openqa.selenium.firefox.FirefoxDriver.<init>(FirefoxDriver.java:218)
	at org.openqa.selenium.firefox.FirefoxDriver.<init>(FirefoxDriver.java:211)
	at org.openqa.selenium.firefox.FirefoxDriver.<init>(FirefoxDriver.java:207)
	at org.openqa.selenium.firefox.FirefoxDriver.<init>(FirefoxDriver.java:120)
	at testingFiles.Annotations.Testing(Annotations.java:25)
	at sun.reflect.NativeMethodAccessorImpl.invoke0(Native Method)
	at sun.reflect.NativeMethodAccessorImpl.invoke(Unknown Source)
	at sun.reflect.DelegatingMethodAccessorImpl.invoke(Unknown Source)
	at java.lang.reflect.Method.invoke(Unknown Source)
	at org.testng.internal.MethodInvocationHelper.invokeMethod(MethodInvocationHelper.java:86)
	at org.testng.internal.Invoker.invokeMethod(Invoker.java:646)
	at org.testng.internal.Invoker.invokeTestMethod(Invoker.java:823)
	at org.testng.internal.Invoker.invokeTestMethods(Invoker.java:1131)
	at org.testng.internal.TestMethodWorker.invokeTestMethods(TestMethodWorker.java:129)
	at org.testng.internal.TestMethodWorker.run(TestMethodWorker.java:112)
	at org.testng.TestRunner.privateRun(TestRunner.java:778)
	at org.testng.TestRunner.run(TestRunner.java:632)
	at org.testng.SuiteRunner.runTest(SuiteRunner.java:366)
	at org.testng.SuiteRunner.runSequentially(SuiteRunner.java:361)
	at org.testng.SuiteRunner.privateRun(SuiteRunner.java:319)
	at org.testng.SuiteRunner.run(SuiteRunner.java:268)
	at org.testng.SuiteRunnerWorker.runSuite(SuiteRunnerWorker.java:52)
	at org.testng.SuiteRunnerWorker.run(SuiteRunnerWorker.java:86)
	at org.testng.TestNG.runSuitesSequentially(TestNG.java:1225)
	at org.testng.TestNG.runSuitesLocally(TestNG.java:1150)
	at org.testng.TestNG.runSuites(TestNG.java:1075)
	at org.testng.TestNG.run(TestNG.java:1047)
	at org.testng.remote.AbstractRemoteTestNG.run(AbstractRemoteTestNG.java:126)
	at org.testng.remote.RemoteTestNG.initAndRun(RemoteTestNG.java:137)
	at org.testng.remote.RemoteTestNG.main(RemoteTestNG.java:58)
Caused by: org.openqa.selenium.firefox.NotConnectedException: Unable to connect to host 127.0.0.1 on port 7055 after 45000 ms. Firefox console output:
Recursive scan of {972ce4c6-7e08-4474-a285-3208198ce6fd}
1470061003053	DeferredSave.extensions.json	DEBUG	Save changes
1470061003053	addons.xpi	DEBUG	Updating database with changes to installed add-ons
1470061003053	addons.xpi-utils	DEBUG	Updating add-on states
1470061003053	addons.xpi-utils	DEBUG	Writing add-ons list
1470061003055	addons.xpi	DEBUG	Registering manifest for C:\Program Files (x86)\Mozilla Firefox\browser\features\e10srollout@mozilla.org.xpi
1470061003055	addons.xpi	DEBUG	Calling bootstrap method startup on e10srollout@mozilla.org version 1.0
1470061003055	addons.xpi	DEBUG	Registering manifest for C:\Program Files (x86)\Mozilla Firefox\browser\features\firefox@getpocket.com.xpi
1470061003056	addons.xpi	DEBUG	Calling bootstrap method startup on firefox@getpocket.com version 1.0.2
1470061003056	addons.xpi	DEBUG	Registering manifest for C:\Program Files (x86)\Mozilla Firefox\browser\features\loop@mozilla.org.xpi
1470061003057	addons.xpi	DEBUG	Calling bootstrap method startup on loop@mozilla.org version 1.3.2
1470061003071	addons.manager	DEBUG	Registering shutdown blocker for XPIProvider
1470061003072	addons.manager	DEBUG	Provider finished startup: XPIProvider
1470061003072	addons.manager	DEBUG	Starting provider: LightweightThemeManager
1470061003072	addons.manager	DEBUG	Registering shutdown blocker for LightweightThemeManager
1470061003072	addons.manager	DEBUG	Provider finished startup: LightweightThemeManager
1470061003072	addons.manager	DEBUG	Starting provider: GMPProvider
1470061003077	addons.manager	DEBUG	Registering shutdown blocker for GMPProvider
1470061003077	addons.manager	DEBUG	Provider finished startup: GMPProvider
1470061003077	addons.manager	DEBUG	Starting provider: PluginProvider
1470061003077	addons.manager	DEBUG	Registering shutdown blocker for PluginProvider
1470061003077	addons.manager	DEBUG	Provider finished startup: PluginProvider
1470061003077	addons.manager	DEBUG	Completed startup sequence
1470061003305	addons.manager	DEBUG	Starting provider: <unnamed-provider>
1470061003305	addons.manager	DEBUG	Registering shutdown blocker for <unnamed-provider>
1470061003305	addons.manager	DEBUG	Provider finished startup: <unnamed-provider>
1470061003306	DeferredSave.extensions.json	DEBUG	Starting write
1470061003466	addons.repository	DEBUG	No addons.json found.
1470061003467	DeferredSave.addons.json	DEBUG	Save changes
1470061003469	DeferredSave.addons.json	DEBUG	Starting timer
1470061003488	addons.manager	DEBUG	Starting provider: PreviousExperimentProvider
1470061003488	addons.manager	DEBUG	Registering shutdown blocker for PreviousExperimentProvider
1470061003488	addons.manager	DEBUG	Provider finished startup: PreviousExperimentProvider
1470061003490	DeferredSave.extensions.json	DEBUG	Write succeeded
1470061003490	addons.xpi-utils	DEBUG	XPI Database saved, setting schema version preference to 17
1470061003524	DeferredSave.addons.json	DEBUG	Starting write
1470061003558	DeferredSave.addons.json	DEBUG	Write succeeded
1470061021886	addons.xpi	DEBUG	Calling bootstrap method shutdown on e10srollout@mozilla.org version 1.0
1470061021887	addons.xpi	DEBUG	Calling bootstrap method shutdown on firefox@getpocket.com version 1.0.2
1470061021887	addons.xpi	DEBUG	Calling bootstrap method shutdown on loop@mozilla.org version 1.3.2
1470061021977	addons.manager	DEBUG	shutdown
1470061021978	addons.manager	DEBUG	Calling shutdown blocker for XPIProvider
1470061021978	addons.xpi	DEBUG	shutdown
1470061021978	addons.xpi-utils	DEBUG	shutdown
1470061021979	addons.manager	DEBUG	Calling shutdown blocker for LightweightThemeManager
1470061021979	addons.manager	DEBUG	Calling shutdown blocker for GMPProvider
1470061021981	addons.manager	DEBUG	Calling shutdown blocker for PluginProvider
1470061021981	addons.manager	DEBUG	Calling shutdown blocker for <unnamed-provider>
1470061021982	addons.manager	DEBUG	Calling shutdown blocker for PreviousExperimentProvider
1470061021984	addons.xpi	DEBUG	Notifying XPI shutdown observers
1470061021987	addons.manager	DEBUG	Async provider shutdown done

	at org.openqa.selenium.firefox.internal.NewProfileExtensionConnection.start(NewProfileExtensionConnection.java:112)
	... 32 more
]]>
    </error>
  </testcase> <!-- Testing -->
</testsuite> <!-- testingFiles.Annotations -->
